<?xml version="1.0" encoding="UTF-8"?>
<!-- Generated by org.testng.reporters.JUnitReportReporter -->
<testsuite hostname="Sharini" failures="0" tests="4" name="com.My_Portfolio_Testing.PortfolioContentsTestPart2" time="80.151" errors="0" timestamp="2024-05-06T11:07:35 EDT" skipped="0">
  <testcase classname="com.My_Portfolio_Testing.PortfolioContentsTestPart2" name="Certifications" time="22.523"/>
  <system-out/>
  <testcase classname="com.My_Portfolio_Testing.PortfolioContentsTestPart2" name="Certifications" time="17.479"/>
  <system-out/>
  <testcase classname="com.My_Portfolio_Testing.PortfolioContentsTestPart2" name="Projects" time="19.306"/>
  <system-out/>
  <testcase classname="com.My_Portfolio_Testing.PortfolioContentsTestPart2" name="Projects" time="20.843"/>
  <system-out/>
</testsuite> <!-- com.My_Portfolio_Testing.PortfolioContentsTestPart2 -->
