<?xml version="1.0" encoding="UTF-8"?>
<!-- Generated by org.testng.reporters.JUnitReportReporter -->
<testsuite hostname="Sharini" failures="0" tests="6" name="com.My_Portfolio_Testing.PortfolioContentsTestPart1" time="31.332" errors="0" timestamp="2024-05-06T11:07:35 EDT" skipped="0">
  <testcase classname="com.My_Portfolio_Testing.PortfolioContentsTestPart1" name="Home" time="4.913"/>
  <system-out/>
  <testcase classname="com.My_Portfolio_Testing.PortfolioContentsTestPart1" name="Home" time="3.726"/>
  <system-out/>
  <testcase classname="com.My_Portfolio_Testing.PortfolioContentsTestPart1" name="About" time="6.450"/>
  <system-out/>
  <testcase classname="com.My_Portfolio_Testing.PortfolioContentsTestPart1" name="About" time="7.577"/>
  <system-out/>
  <testcase classname="com.My_Portfolio_Testing.PortfolioContentsTestPart1" name="Skills" time="4.041"/>
  <system-out/>
  <testcase classname="com.My_Portfolio_Testing.PortfolioContentsTestPart1" name="Skills" time="4.625"/>
  <system-out/>
</testsuite> <!-- com.My_Portfolio_Testing.PortfolioContentsTestPart1 -->
