<?xml version="1.0" encoding="UTF-8"?>
<!-- Generated by org.testng.reporters.JUnitReportReporter -->
<testsuite hostname="Sharini" failures="0" tests="26" name="com.My_Portfolio_Testing.PortfolioHeaderTest" time="222.542" errors="0" timestamp="2024-05-06T11:07:35 EDT" skipped="0">
  <testcase classname="com.My_Portfolio_Testing.PortfolioHeaderTest" name="portfolio" time="7.235"/>
  <system-out/>
  <testcase classname="com.My_Portfolio_Testing.PortfolioHeaderTest" name="portfolio" time="7.145"/>
  <system-out/>
  <testcase classname="com.My_Portfolio_Testing.PortfolioHeaderTest" name="home" time="7.492"/>
  <system-out/>
  <testcase classname="com.My_Portfolio_Testing.PortfolioHeaderTest" name="home" time="8.077"/>
  <system-out/>
  <testcase classname="com.My_Portfolio_Testing.PortfolioHeaderTest" name="homeColorTest" time="8.986"/>
  <system-out/>
  <testcase classname="com.My_Portfolio_Testing.PortfolioHeaderTest" name="homeColorTest" time="9.133"/>
  <system-out/>
  <testcase classname="com.My_Portfolio_Testing.PortfolioHeaderTest" name="About" time="8.248"/>
  <system-out/>
  <testcase classname="com.My_Portfolio_Testing.PortfolioHeaderTest" name="About" time="7.517"/>
  <system-out/>
  <testcase classname="com.My_Portfolio_Testing.PortfolioHeaderTest" name="aboutColorTest" time="8.789"/>
  <system-out/>
  <testcase classname="com.My_Portfolio_Testing.PortfolioHeaderTest" name="aboutColorTest" time="9.723"/>
  <system-out/>
  <testcase classname="com.My_Portfolio_Testing.PortfolioHeaderTest" name="Skills" time="7.571"/>
  <system-out/>
  <testcase classname="com.My_Portfolio_Testing.PortfolioHeaderTest" name="Skills" time="8.119"/>
  <system-out/>
  <testcase classname="com.My_Portfolio_Testing.PortfolioHeaderTest" name="skillColorTest" time="9.760"/>
  <system-out/>
  <testcase classname="com.My_Portfolio_Testing.PortfolioHeaderTest" name="skillColorTest" time="10.266"/>
  <system-out/>
  <testcase classname="com.My_Portfolio_Testing.PortfolioHeaderTest" name="Certifications" time="7.680"/>
  <system-out/>
  <testcase classname="com.My_Portfolio_Testing.PortfolioHeaderTest" name="Certifications" time="8.264"/>
  <system-out/>
  <testcase classname="com.My_Portfolio_Testing.PortfolioHeaderTest" name="certColorTest" time="9.441"/>
  <system-out/>
  <testcase classname="com.My_Portfolio_Testing.PortfolioHeaderTest" name="certColorTest" time="8.795"/>
  <system-out/>
  <testcase classname="com.My_Portfolio_Testing.PortfolioHeaderTest" name="Projects" time="8.461"/>
  <system-out/>
  <testcase classname="com.My_Portfolio_Testing.PortfolioHeaderTest" name="Projects" time="7.748"/>
  <system-out/>
  <testcase classname="com.My_Portfolio_Testing.PortfolioHeaderTest" name="ProjectColorTest" time="8.894"/>
  <system-out/>
  <testcase classname="com.My_Portfolio_Testing.PortfolioHeaderTest" name="ProjectColorTest" time="9.633"/>
  <system-out/>
  <testcase classname="com.My_Portfolio_Testing.PortfolioHeaderTest" name="Contact" time="8.861"/>
  <system-out/>
  <testcase classname="com.My_Portfolio_Testing.PortfolioHeaderTest" name="Contact" time="7.782"/>
  <system-out/>
  <testcase classname="com.My_Portfolio_Testing.PortfolioHeaderTest" name="ContactColorTest" time="9.957"/>
  <system-out/>
  <testcase classname="com.My_Portfolio_Testing.PortfolioHeaderTest" name="ContactColorTest" time="8.965"/>
  <system-out/>
</testsuite> <!-- com.My_Portfolio_Testing.PortfolioHeaderTest -->
