<?xml version="1.0" encoding="UTF-8"?>
<!-- Generated by org.testng.reporters.JUnitReportReporter -->
<testsuite hostname="Sharini" failures="0" tests="13" name="com.My_Portfolio_Testing.TestPortfolio" time="120.376" errors="0" timestamp="2024-05-06T00:50:38 EDT" skipped="0">
  <testcase classname="com.My_Portfolio_Testing.TestPortfolio" name="portfolio" time="9.019"/>
  <system-out/>
  <testcase classname="com.My_Portfolio_Testing.TestPortfolio" name="home" time="8.329"/>
  <system-out/>
  <testcase classname="com.My_Portfolio_Testing.TestPortfolio" name="homeColorTest" time="9.774"/>
  <system-out/>
  <testcase classname="com.My_Portfolio_Testing.TestPortfolio" name="About" time="8.470"/>
  <system-out/>
  <testcase classname="com.My_Portfolio_Testing.TestPortfolio" name="aboutColorTest" time="10.849"/>
  <system-out/>
  <testcase classname="com.My_Portfolio_Testing.TestPortfolio" name="Skills" time="8.195"/>
  <system-out/>
  <testcase classname="com.My_Portfolio_Testing.TestPortfolio" name="skillColorTest" time="9.658"/>
  <system-out/>
  <testcase classname="com.My_Portfolio_Testing.TestPortfolio" name="Certifications" time="8.931"/>
  <system-out/>
  <testcase classname="com.My_Portfolio_Testing.TestPortfolio" name="certColorTest" time="9.921"/>
  <system-out/>
  <testcase classname="com.My_Portfolio_Testing.TestPortfolio" name="Projects" time="8.596"/>
  <system-out/>
  <testcase classname="com.My_Portfolio_Testing.TestPortfolio" name="ProjectColorTest" time="10.328"/>
  <system-out/>
  <testcase classname="com.My_Portfolio_Testing.TestPortfolio" name="Contact" time="8.801"/>
  <system-out/>
  <testcase classname="com.My_Portfolio_Testing.TestPortfolio" name="ContactColorTest" time="9.505"/>
  <system-out/>
</testsuite> <!-- com.My_Portfolio_Testing.TestPortfolio -->
