<?xml version="1.0" encoding="UTF-8"?>
<!-- Generated by org.testng.reporters.JUnitReportReporter -->
<testsuite hostname="Sharini" failures="0" tests="7" name="com.My_Portfolio_Testing.PortfolioContents3" time="76.553" errors="0" timestamp="2024-04-28T19:10:38 EDT" skipped="0">
  <testcase classname="com.My_Portfolio_Testing.PortfolioContents3" name="Contacts" time="10.126"/>
  <system-out/>
  <testcase classname="com.My_Portfolio_Testing.PortfolioContents3" name="Email_and_number" time="8.985"/>
  <system-out/>
  <testcase classname="com.My_Portfolio_Testing.PortfolioContents3" name="LinkedIN" time="13.409"/>
  <system-out/>
  <testcase classname="com.My_Portfolio_Testing.PortfolioContents3" name="GitHub" time="10.184"/>
  <system-out/>
  <testcase classname="com.My_Portfolio_Testing.PortfolioContents3" name="FeedbackForm" time="11.790"/>
  <system-out/>
  <testcase classname="com.My_Portfolio_Testing.PortfolioContents3" name="FeedbackForm" time="11.467"/>
  <system-out/>
  <testcase classname="com.My_Portfolio_Testing.PortfolioContents3" name="FeedbackForm" time="10.592"/>
  <system-out/>
</testsuite> <!-- com.My_Portfolio_Testing.PortfolioContents3 -->
