<?xml version="1.0" encoding="UTF-8"?>
<!-- Generated by org.testng.reporters.JUnitReportReporter -->
<testsuite hostname="Sharini" failures="0" tests="14" name="com.My_Portfolio_Testing.PortfolioContentsTestPart3" time="143.013" errors="0" timestamp="2024-05-06T11:07:35 EDT" skipped="0">
  <testcase classname="com.My_Portfolio_Testing.PortfolioContentsTestPart3" name="Contacts" time="8.840"/>
  <system-out/>
  <testcase classname="com.My_Portfolio_Testing.PortfolioContentsTestPart3" name="Contacts" time="7.990"/>
  <system-out/>
  <testcase classname="com.My_Portfolio_Testing.PortfolioContentsTestPart3" name="Email_and_number" time="9.790"/>
  <system-out/>
  <testcase classname="com.My_Portfolio_Testing.PortfolioContentsTestPart3" name="Email_and_number" time="8.109"/>
  <system-out/>
  <testcase classname="com.My_Portfolio_Testing.PortfolioContentsTestPart3" name="LinkedIN" time="12.465"/>
  <system-out/>
  <testcase classname="com.My_Portfolio_Testing.PortfolioContentsTestPart3" name="LinkedIN" time="13.100"/>
  <system-out/>
  <testcase classname="com.My_Portfolio_Testing.PortfolioContentsTestPart3" name="GitHub" time="8.110"/>
  <system-out/>
  <testcase classname="com.My_Portfolio_Testing.PortfolioContentsTestPart3" name="GitHub" time="7.308"/>
  <system-out/>
  <testcase classname="com.My_Portfolio_Testing.PortfolioContentsTestPart3" name="FeedbackForm" time="11.306"/>
  <system-out/>
  <testcase classname="com.My_Portfolio_Testing.PortfolioContentsTestPart3" name="FeedbackForm" time="12.029"/>
  <system-out/>
  <testcase classname="com.My_Portfolio_Testing.PortfolioContentsTestPart3" name="FeedbackForm" time="11.429"/>
  <system-out/>
  <testcase classname="com.My_Portfolio_Testing.PortfolioContentsTestPart3" name="FeedbackForm" time="11.214"/>
  <system-out/>
  <testcase classname="com.My_Portfolio_Testing.PortfolioContentsTestPart3" name="FeedbackForm" time="11.003"/>
  <system-out/>
  <testcase classname="com.My_Portfolio_Testing.PortfolioContentsTestPart3" name="FeedbackForm" time="10.320"/>
  <system-out/>
</testsuite> <!-- com.My_Portfolio_Testing.PortfolioContentsTestPart3 -->
