<?xml version="1.0" encoding="UTF-8"?>
<!-- Generated by org.testng.reporters.JUnitReportReporter -->
<testsuite hostname="Sharini" failures="0" tests="2" name="com.My_Portfolio_Testing.PortfolioContents2" time="37.128" errors="0" timestamp="2024-04-24T22:47:44 EDT" skipped="0">
  <testcase classname="com.My_Portfolio_Testing.PortfolioContents2" name="Certifications" time="19.093"/>
  <system-out/>
  <testcase classname="com.My_Portfolio_Testing.PortfolioContents2" name="Projects" time="18.035"/>
  <system-out/>
</testsuite> <!-- com.My_Portfolio_Testing.PortfolioContents2 -->
