<?xml version="1.0" encoding="UTF-8"?>
<!-- Generated by org.testng.reporters.JUnitReportReporter -->
<testsuite hostname="Sharini" failures="0" tests="3" name="com.My_Portfolio_Testing.PortfolioContentsTest" time="20.646" errors="0" timestamp="2024-05-05T23:32:46 EDT" skipped="0">
  <testcase classname="com.My_Portfolio_Testing.PortfolioContentsTest" name="Home" time="6.727"/>
  <system-out/>
  <testcase classname="com.My_Portfolio_Testing.PortfolioContentsTest" name="About" time="8.022"/>
  <system-out/>
  <testcase classname="com.My_Portfolio_Testing.PortfolioContentsTest" name="Skills" time="5.897"/>
  <system-out/>
</testsuite> <!-- com.My_Portfolio_Testing.PortfolioContentsTest -->
